<?xml version="1.0" encoding="UTF-8"?>
<!-- Generated by org.testng.reporters.JUnitReportReporter -->
<testsuite skipped="0" hostname="Adesh-PC" name="com.selenium.MavenSelenium.ExtendReportBy" tests="1" failures="0" timestamp="21 Jun 2018 14:09:02 GMT" time="5.484" errors="0">
  <testcase name="f" time="5.484" classname="com.selenium.MavenSelenium.ExtendReportBy"/>
</testsuite> <!-- com.selenium.MavenSelenium.ExtendReportBy -->
